2026-03-31 17:05:23.888 [main] INFO  com.shop.demo.OrderappApplication - Starting OrderappApplication using Java 21.0.9 with PID 13064 (D:\java-shit\shop\target\classes started by Office in D:\java-shit\shop)
2026-03-31 17:05:23.891 [main] DEBUG com.shop.demo.OrderappApplication - Running with Spring Boot v4.0.3, Spring v7.0.5
2026-03-31 17:05:23.892 [main] INFO  com.shop.demo.OrderappApplication - The following 1 profile is active: "local"
2026-03-31 17:05:24.180 [background-preinit] INFO  o.h.validator.internal.util.Version - HV000001: Hibernate Validator 9.0.1.Final
2026-03-31 17:05:24.829 [main] INFO  o.s.d.r.c.RepositoryConfigurationDelegate - Bootstrapping Spring Data JPA repositories in DEFAULT mode.
2026-03-31 17:05:24.913 [main] INFO  o.s.d.r.c.RepositoryConfigurationDelegate - Finished Spring Data repository scanning in 74 ms. Found 9 JPA repository interfaces.
2026-03-31 17:05:25.605 [main] INFO  o.s.boot.tomcat.TomcatWebServer - Tomcat initialized with port 8081 (http)
2026-03-31 17:05:25.619 [main] INFO  o.a.coyote.http11.Http11NioProtocol - Initializing ProtocolHandler ["http-nio-8081"]
2026-03-31 17:05:25.621 [main] INFO  o.a.catalina.core.StandardService - Starting service [Tomcat]
2026-03-31 17:05:25.621 [main] INFO  o.a.catalina.core.StandardEngine - Starting Servlet engine: [Apache Tomcat/11.0.18]
2026-03-31 17:05:25.692 [main] INFO  o.s.b.w.c.s.WebApplicationContextInitializer - Root WebApplicationContext: initialization completed in 1745 ms
2026-03-31 17:05:25.904 [main] INFO  org.hibernate.orm.jpa - HHH008540: Processing PersistenceUnitInfo [name: default]
2026-03-31 17:05:25.992 [main] INFO  org.hibernate.orm.core - HHH000001: Hibernate ORM core version 7.2.4.Final
2026-03-31 17:05:26.605 [main] INFO  o.s.o.j.p.SpringPersistenceUnitInfo - No LoadTimeWeaver setup: ignoring JPA class transformer
2026-03-31 17:05:26.645 [main] INFO  com.zaxxer.hikari.HikariDataSource - HikariPool-1 - Starting...
2026-03-31 17:05:26.993 [main] INFO  com.zaxxer.hikari.pool.HikariPool - HikariPool-1 - Added connection org.postgresql.jdbc.PgConnection@75add13c
2026-03-31 17:05:26.994 [main] INFO  com.zaxxer.hikari.HikariDataSource - HikariPool-1 - Start completed.
2026-03-31 17:05:27.078 [main] INFO  o.hibernate.orm.connections.pooling - HHH10001005: Database info:
	Database JDBC URL [jdbc:postgresql://localhost:5432/shopdb]
	Database driver: PostgreSQL JDBC Driver
	Database dialect: PostgreSQLDialect
	Database version: 18.3
	Default catalog/schema: shopdb/public
	Autocommit mode: undefined/unknown
	Isolation level: READ_COMMITTED [default READ_COMMITTED]
	JDBC fetch size: none
	Pool: DataSourceConnectionProvider
	Minimum pool size: undefined/unknown
	Maximum pool size: undefined/unknown
2026-03-31 17:05:28.348 [main] INFO  org.hibernate.orm.core - HHH000489: No JTA platform available (set 'hibernate.transaction.jta.platform' to enable JTA platform integration)
2026-03-31 17:05:28.355 [main] INFO  o.s.o.j.LocalContainerEntityManagerFactoryBean - Initialized JPA EntityManagerFactory for persistence unit 'default'
2026-03-31 17:05:28.407 [main] INFO  o.s.d.j.r.q.QueryEnhancerFactories - Hibernate is in classpath; If applicable, HQL parser will be used.
2026-03-31 17:05:28.620 [main] DEBUG c.s.demo.filter.RequestLoggingFilter - Filter 'requestLoggingFilter' configured for use
2026-03-31 17:05:28.620 [main] DEBUG c.shop.demo.security.JwtAuthFilter - Filter 'jwtAuthFilter' configured for use
2026-03-31 17:05:30.032 [main] INFO  org.flywaydb.core.FlywayExecutor - Database: jdbc:postgresql://localhost:5432/shopdb (PostgreSQL 18.3)
2026-03-31 17:05:30.086 [main] INFO  o.f.core.internal.command.DbMigrate - Current version of schema "public": 2
2026-03-31 17:05:30.089 [main] INFO  o.f.core.internal.command.DbMigrate - Schema "public" is up to date. No migration necessary.
2026-03-31 17:05:30.227 [main] INFO  o.s.s.c.a.a.c.InitializeUserDetailsBeanManagerConfigurer$InitializeUserDetailsManagerConfigurer - Global AuthenticationManager configured with UserDetailsService bean with name authService
2026-03-31 17:05:30.762 [main] INFO  o.a.coyote.http11.Http11NioProtocol - Starting ProtocolHandler ["http-nio-8081"]
2026-03-31 17:05:30.783 [main] INFO  o.s.boot.tomcat.TomcatWebServer - Tomcat started on port 8081 (http) with context path '/'
2026-03-31 17:05:30.790 [main] INFO  com.shop.demo.OrderappApplication - Started OrderappApplication in 7.634 seconds (process running for 8.361)
2026-03-31 17:05:48.494 [http-nio-8081-exec-1] INFO  o.a.c.c.C.[Tomcat].[localhost].[/] - Initializing Spring DispatcherServlet 'dispatcherServlet'
2026-03-31 17:05:48.495 [http-nio-8081-exec-1] INFO  o.s.web.servlet.DispatcherServlet - Initializing Servlet 'dispatcherServlet'
2026-03-31 17:05:48.496 [http-nio-8081-exec-1] INFO  o.s.web.servlet.DispatcherServlet - Completed initialization in 1 ms
2026-03-31 17:05:48.517 [http-nio-8081-exec-1] INFO  c.s.demo.filter.RequestLoggingFilter - → POST /api/auth/register [0:0:0:0:0:0:0:1]
2026-03-31 17:05:48.714 [http-nio-8081-exec-1] WARN  c.s.d.e.GlobalExceptionHandler - Validation failed — email: invalid email format, name: name cannot be blank, password: password must be at least 6 characters
2026-03-31 17:05:48.743 [http-nio-8081-exec-1] INFO  c.s.demo.filter.RequestLoggingFilter - ← POST /api/auth/register | status=400 | 226ms
2026-03-31 17:08:02.868 [http-nio-8081-exec-4] INFO  c.s.demo.filter.RequestLoggingFilter - → POST /api/auth/register [0:0:0:0:0:0:0:1]
2026-03-31 17:08:02.891 [http-nio-8081-exec-4] INFO  com.shop.demo.service.AuthService - Registration attempt - email: eraj@gmail.com
2026-03-31 17:08:02.985 [http-nio-8081-exec-4] DEBUG org.hibernate.SQL - 
    select
        u1_0.id 
    from
        users u1_0 
    where
        u1_0.email=? 
    fetch
        first ? rows only
2026-03-31 17:08:03.109 [http-nio-8081-exec-4] DEBUG org.hibernate.SQL - 
    insert 
    into
        users
        (created_at, email, name, password, role) 
    values
        (?, ?, ?, ?, ?)
2026-03-31 17:08:03.134 [http-nio-8081-exec-4] INFO  com.shop.demo.service.AuthService - user registered - userId: 3, email: eraj@gmail.com
2026-03-31 17:08:03.248 [http-nio-8081-exec-4] INFO  c.s.demo.filter.RequestLoggingFilter - ← POST /api/auth/register | status=201 | 380ms
2026-03-31 18:31:49.789 [SpringApplicationShutdownHook] INFO  o.s.boot.tomcat.GracefulShutdown - Commencing graceful shutdown. Waiting for active requests to complete
2026-03-31 18:31:49.805 [tomcat-shutdown] INFO  o.s.boot.tomcat.GracefulShutdown - Graceful shutdown complete
2026-03-31 18:31:49.812 [SpringApplicationShutdownHook] INFO  o.s.o.j.LocalContainerEntityManagerFactoryBean - Closing JPA EntityManagerFactory for persistence unit 'default'
2026-03-31 18:31:49.843 [SpringApplicationShutdownHook] INFO  com.zaxxer.hikari.HikariDataSource - HikariPool-1 - Shutdown initiated...
2026-03-31 18:31:49.843 [SpringApplicationShutdownHook] INFO  com.zaxxer.hikari.HikariDataSource - HikariPool-1 - Shutdown completed.
