2026-04-01 16:56:17.920 [main] INFO  com.shop.demo.OrderappApplication - Starting OrderappApplication using Java 21.0.9 with PID 14932 (D:\java-shit\shop\target\classes started by Office in D:\java-shit\shop)
2026-04-01 16:56:17.920 [main] DEBUG com.shop.demo.OrderappApplication - Running with Spring Boot v4.0.3, Spring v7.0.5
2026-04-01 16:56:17.920 [main] INFO  com.shop.demo.OrderappApplication - The following 1 profile is active: "local"
2026-04-01 16:56:18.299 [background-preinit] INFO  o.h.validator.internal.util.Version - HV000001: Hibernate Validator 9.0.1.Final
2026-04-01 16:56:19.158 [main] INFO  o.s.d.r.c.RepositoryConfigurationDelegate - Bootstrapping Spring Data JPA repositories in DEFAULT mode.
2026-04-01 16:56:19.268 [main] INFO  o.s.d.r.c.RepositoryConfigurationDelegate - Finished Spring Data repository scanning in 95 ms. Found 10 JPA repository interfaces.
2026-04-01 16:56:20.051 [main] INFO  o.s.boot.tomcat.TomcatWebServer - Tomcat initialized with port 8081 (http)
2026-04-01 16:56:20.066 [main] INFO  o.a.coyote.http11.Http11NioProtocol - Initializing ProtocolHandler ["http-nio-8081"]
2026-04-01 16:56:20.066 [main] INFO  o.a.catalina.core.StandardService - Starting service [Tomcat]
2026-04-01 16:56:20.066 [main] INFO  o.a.catalina.core.StandardEngine - Starting Servlet engine: [Apache Tomcat/11.0.18]
2026-04-01 16:56:20.143 [main] INFO  o.s.b.w.c.s.WebApplicationContextInitializer - Root WebApplicationContext: initialization completed in 2156 ms
2026-04-01 16:56:20.400 [main] INFO  org.hibernate.orm.jpa - HHH008540: Processing PersistenceUnitInfo [name: default]
2026-04-01 16:56:20.502 [main] INFO  org.hibernate.orm.core - HHH000001: Hibernate ORM core version 7.2.4.Final
2026-04-01 16:56:21.158 [main] INFO  o.s.o.j.p.SpringPersistenceUnitInfo - No LoadTimeWeaver setup: ignoring JPA class transformer
2026-04-01 16:56:21.205 [main] INFO  com.zaxxer.hikari.HikariDataSource - HikariPool-1 - Starting...
2026-04-01 16:56:21.455 [main] INFO  com.zaxxer.hikari.pool.HikariPool - HikariPool-1 - Added connection org.postgresql.jdbc.PgConnection@153c6603
2026-04-01 16:56:21.455 [main] INFO  com.zaxxer.hikari.HikariDataSource - HikariPool-1 - Start completed.
2026-04-01 16:56:21.549 [main] INFO  o.hibernate.orm.connections.pooling - HHH10001005: Database info:
	Database JDBC URL [jdbc:postgresql://localhost:5432/shopdb]
	Database driver: PostgreSQL JDBC Driver
	Database dialect: PostgreSQLDialect
	Database version: 18.3
	Default catalog/schema: shopdb/public
	Autocommit mode: undefined/unknown
	Isolation level: READ_COMMITTED [default READ_COMMITTED]
	JDBC fetch size: none
	Pool: DataSourceConnectionProvider
	Minimum pool size: undefined/unknown
	Maximum pool size: undefined/unknown
2026-04-01 16:56:23.002 [main] INFO  org.hibernate.orm.core - HHH000489: No JTA platform available (set 'hibernate.transaction.jta.platform' to enable JTA platform integration)
2026-04-01 16:56:23.018 [main] INFO  o.s.o.j.LocalContainerEntityManagerFactoryBean - Initialized JPA EntityManagerFactory for persistence unit 'default'
2026-04-01 16:56:23.097 [main] INFO  o.s.d.j.r.q.QueryEnhancerFactories - Hibernate is in classpath; If applicable, HQL parser will be used.
2026-04-01 16:56:23.440 [main] DEBUG c.s.demo.filter.RequestLoggingFilter - Filter 'requestLoggingFilter' configured for use
2026-04-01 16:56:23.440 [main] DEBUG c.shop.demo.security.JwtAuthFilter - Filter 'jwtAuthFilter' configured for use
2026-04-01 16:56:25.158 [main] INFO  org.flywaydb.core.FlywayExecutor - Database: jdbc:postgresql://localhost:5432/shopdb (PostgreSQL 18.3)
2026-04-01 16:56:25.272 [main] INFO  o.f.core.internal.command.DbMigrate - Current version of schema "public": 2
2026-04-01 16:56:25.286 [main] INFO  o.f.core.internal.command.DbMigrate - Migrating schema "public" to version "3 - add refresh tokens"
2026-04-01 16:56:25.440 [main] INFO  o.f.core.internal.command.DbMigrate - Successfully applied 1 migration to schema "public", now at version v3 (execution time 00:00.145s)
2026-04-01 16:56:25.690 [main] INFO  o.s.s.c.a.a.c.InitializeUserDetailsBeanManagerConfigurer$InitializeUserDetailsManagerConfigurer - Global AuthenticationManager configured with UserDetailsService bean with name authService
2026-04-01 16:56:26.389 [main] INFO  o.a.coyote.http11.Http11NioProtocol - Starting ProtocolHandler ["http-nio-8081"]
2026-04-01 16:56:26.408 [main] INFO  o.s.boot.tomcat.TomcatWebServer - Tomcat started on port 8081 (http) with context path '/'
2026-04-01 16:56:26.408 [main] INFO  com.shop.demo.OrderappApplication - Started OrderappApplication in 9.34 seconds (process running for 10.11)
2026-04-01 18:32:36.042 [SpringApplicationShutdownHook] INFO  o.s.boot.tomcat.GracefulShutdown - Commencing graceful shutdown. Waiting for active requests to complete
2026-04-01 18:32:36.057 [tomcat-shutdown] INFO  o.s.boot.tomcat.GracefulShutdown - Graceful shutdown complete
2026-04-01 18:32:36.073 [SpringApplicationShutdownHook] INFO  o.s.o.j.LocalContainerEntityManagerFactoryBean - Closing JPA EntityManagerFactory for persistence unit 'default'
2026-04-01 18:32:36.090 [SpringApplicationShutdownHook] INFO  com.zaxxer.hikari.HikariDataSource - HikariPool-1 - Shutdown initiated...
2026-04-01 18:32:36.090 [SpringApplicationShutdownHook] INFO  com.zaxxer.hikari.HikariDataSource - HikariPool-1 - Shutdown completed.
