2026-04-07 10:36:29.341 [main] INFO  com.shop.demo.OrderappApplication - Starting OrderappApplication using Java 21.0.9 with PID 12568 (D:\java-shit\shop\target\classes started by Office in D:\java-shit\shop)
2026-04-07 10:36:29.344 [main] DEBUG com.shop.demo.OrderappApplication - Running with Spring Boot v4.0.3, Spring v7.0.5
2026-04-07 10:36:29.344 [main] INFO  com.shop.demo.OrderappApplication - The following 1 profile is active: "local"
2026-04-07 10:36:29.677 [background-preinit] INFO  o.h.validator.internal.util.Version - HV000001: Hibernate Validator 9.0.1.Final
2026-04-07 10:36:30.487 [main] INFO  o.s.d.r.c.RepositoryConfigurationDelegate - Bootstrapping Spring Data JPA repositories in DEFAULT mode.
2026-04-07 10:36:30.663 [main] INFO  o.s.d.r.c.RepositoryConfigurationDelegate - Finished Spring Data repository scanning in 150 ms. Found 10 JPA repository interfaces.
2026-04-07 10:36:31.488 [main] INFO  o.s.boot.tomcat.TomcatWebServer - Tomcat initialized with port 8081 (http)
2026-04-07 10:36:31.504 [main] INFO  o.a.coyote.http11.Http11NioProtocol - Initializing ProtocolHandler ["http-nio-8081"]
2026-04-07 10:36:31.509 [main] INFO  o.a.catalina.core.StandardService - Starting service [Tomcat]
2026-04-07 10:36:31.509 [main] INFO  o.a.catalina.core.StandardEngine - Starting Servlet engine: [Apache Tomcat/11.0.18]
2026-04-07 10:36:31.579 [main] INFO  o.s.b.w.c.s.WebApplicationContextInitializer - Root WebApplicationContext: initialization completed in 2177 ms
2026-04-07 10:36:31.889 [main] INFO  org.hibernate.orm.jpa - HHH008540: Processing PersistenceUnitInfo [name: default]
2026-04-07 10:36:32.019 [main] INFO  org.hibernate.orm.core - HHH000001: Hibernate ORM core version 7.2.4.Final
2026-04-07 10:36:32.688 [main] INFO  o.s.o.j.p.SpringPersistenceUnitInfo - No LoadTimeWeaver setup: ignoring JPA class transformer
2026-04-07 10:36:32.732 [main] INFO  com.zaxxer.hikari.HikariDataSource - HikariPool-1 - Starting...
2026-04-07 10:36:33.338 [main] INFO  com.zaxxer.hikari.pool.HikariPool - HikariPool-1 - Added connection org.postgresql.jdbc.PgConnection@6c36051c
2026-04-07 10:36:33.338 [main] INFO  com.zaxxer.hikari.HikariDataSource - HikariPool-1 - Start completed.
2026-04-07 10:36:33.516 [main] INFO  o.hibernate.orm.connections.pooling - HHH10001005: Database info:
	Database JDBC URL [jdbc:postgresql://localhost:5432/shopdb]
	Database driver: PostgreSQL JDBC Driver
	Database dialect: PostgreSQLDialect
	Database version: 18.3
	Default catalog/schema: shopdb/public
	Autocommit mode: undefined/unknown
	Isolation level: READ_COMMITTED [default READ_COMMITTED]
	JDBC fetch size: none
	Pool: DataSourceConnectionProvider
	Minimum pool size: undefined/unknown
	Maximum pool size: undefined/unknown
2026-04-07 10:36:35.238 [main] INFO  org.hibernate.orm.core - HHH000489: No JTA platform available (set 'hibernate.transaction.jta.platform' to enable JTA platform integration)
2026-04-07 10:36:35.238 [main] INFO  o.s.o.j.LocalContainerEntityManagerFactoryBean - Initialized JPA EntityManagerFactory for persistence unit 'default'
2026-04-07 10:36:35.356 [main] INFO  o.s.d.j.r.q.QueryEnhancerFactories - Hibernate is in classpath; If applicable, HQL parser will be used.
2026-04-07 10:36:35.869 [main] DEBUG c.shop.demo.filter.RateLimitFilter - Filter 'rateLimitFilter' configured for use
2026-04-07 10:36:35.869 [main] DEBUG c.s.demo.filter.RequestLoggingFilter - Filter 'requestLoggingFilter' configured for use
2026-04-07 10:36:35.869 [main] DEBUG c.shop.demo.security.JwtAuthFilter - Filter 'jwtAuthFilter' configured for use
2026-04-07 10:36:38.639 [main] INFO  org.flywaydb.core.FlywayExecutor - Database: jdbc:postgresql://localhost:5432/shopdb (PostgreSQL 18.3)
2026-04-07 10:36:38.788 [main] INFO  o.f.core.internal.command.DbMigrate - Current version of schema "public": 3
2026-04-07 10:36:38.816 [main] INFO  o.f.core.internal.command.DbMigrate - Migrating schema "public" to version "4 - add indexes"
2026-04-07 10:36:38.966 [main] INFO  o.f.core.internal.command.DbMigrate - Successfully applied 1 migration to schema "public", now at version v4 (execution time 00:00.132s)
2026-04-07 10:36:39.069 [main] INFO  o.s.s.c.a.a.c.InitializeUserDetailsBeanManagerConfigurer$InitializeUserDetailsManagerConfigurer - Global AuthenticationManager configured with UserDetailsService bean with name authService
2026-04-07 10:36:39.888 [main] INFO  o.a.coyote.http11.Http11NioProtocol - Starting ProtocolHandler ["http-nio-8081"]
2026-04-07 10:36:39.920 [main] INFO  o.s.boot.tomcat.TomcatWebServer - Tomcat started on port 8081 (http) with context path '/'
2026-04-07 10:36:39.928 [main] INFO  com.shop.demo.OrderappApplication - Started OrderappApplication in 11.462 seconds (process running for 12.249)
2026-04-07 14:49:38.406 [SpringApplicationShutdownHook] INFO  o.s.boot.tomcat.GracefulShutdown - Commencing graceful shutdown. Waiting for active requests to complete
2026-04-07 14:49:38.457 [tomcat-shutdown] INFO  o.s.boot.tomcat.GracefulShutdown - Graceful shutdown complete
2026-04-07 14:49:38.554 [SpringApplicationShutdownHook] INFO  o.s.o.j.LocalContainerEntityManagerFactoryBean - Closing JPA EntityManagerFactory for persistence unit 'default'
2026-04-07 14:49:38.638 [SpringApplicationShutdownHook] INFO  com.zaxxer.hikari.HikariDataSource - HikariPool-1 - Shutdown initiated...
2026-04-07 14:49:38.672 [SpringApplicationShutdownHook] INFO  com.zaxxer.hikari.HikariDataSource - HikariPool-1 - Shutdown completed.
